tests/run_tests.sh: line 37: 30878 Segmentation fault: 11  ./a.out > $LOG_FT
In file included from tests/vector/assign_mixed.cpp:13:
In file included from tests/vector/vector_prelude.hpp:15:
../../vector.hpp:198:37: error: member reference type 'std::__1::basic_string<char> *' is a pointer; did you mean to use '->'?
                size_t dist =  std::distance(first.base(), last.base());
                                             ~~~~~^
                                                  ->
tests/vector/assign_mixed.cpp:22:11: note: in instantiation of function template specialization 'ft::vector<std::__1::basic_string<char>, track_allocator<std::__1::basic_string<char> > >::assign<std::__1::basic_string<char> *>' requested here
        v.assign(b_string, b_string + b_size);
          ^
In file included from tests/vector/assign_mixed.cpp:13:
In file included from tests/vector/vector_prelude.hpp:15:
../../vector.hpp:198:38: error: no member named 'base' in 'std::__1::basic_string<char>'
                size_t dist =  std::distance(first.base(), last.base());
                                             ~~~~~ ^
../../vector.hpp:198:37: error: member reference base type 'double *' is not a structure or union
                size_t dist =  std::distance(first.base(), last.base());
                                             ~~~~~^~~~~
tests/vector/assign_mixed.cpp:38:11: note: in instantiation of function template specialization 'ft::vector<double, track_allocator<double> >::assign<double *>' requested here
        v.assign(b_double, b_double + b_size);
          ^
3 errors generated.
In file included from tests/vector/assign_range.cpp:13:
In file included from tests/vector/vector_prelude.hpp:15:
../../vector.hpp:198:37: error: member reference type 'std::__1::basic_string<char> *' is a pointer; did you mean to use '->'?
                size_t dist =  std::distance(first.base(), last.base());
                                             ~~~~~^
                                                  ->
tests/vector/assign_range.cpp:24:11: note: in instantiation of function template specialization 'ft::vector<std::__1::basic_string<char>, track_allocator<std::__1::basic_string<char> > >::assign<std::__1::basic_string<char> *>' requested here
        v.assign(b_string, b_string + b_size);
          ^
In file included from tests/vector/assign_range.cpp:13:
In file included from tests/vector/vector_prelude.hpp:15:
../../vector.hpp:198:38: error: no member named 'base' in 'std::__1::basic_string<char>'
                size_t dist =  std::distance(first.base(), last.base());
                                             ~~~~~ ^
../../vector.hpp:198:37: error: member reference base type 'long *' is not a structure or union
                size_t dist =  std::distance(first.base(), last.base());
                                             ~~~~~^~~~~
tests/vector/assign_range.cpp:42:11: note: in instantiation of function template specialization 'ft::vector<long, track_allocator<long> >::assign<long *>' requested here
        v.assign(b_long, b_long + b_size);
          ^
In file included from tests/vector/assign_range.cpp:13:
In file included from tests/vector/vector_prelude.hpp:15:
../../vector.hpp:198:37: error: member reference base type 'int *' is not a structure or union
                size_t dist =  std::distance(first.base(), last.base());
                                             ~~~~~^~~~~
tests/vector/assign_range.cpp:57:11: note: in instantiation of function template specialization 'ft::vector<int, track_allocator<int> >::assign<int *>' requested here
        v.assign(b_int, b_int + b_size);
          ^
In file included from tests/vector/assign_range.cpp:13:
In file included from tests/vector/vector_prelude.hpp:15:
../../vector.hpp:198:38: error: no member named 'base' in 'std::__1::istreambuf_iterator<char, std::__1::char_traits<char> >'
                size_t dist =  std::distance(first.base(), last.base());
                                             ~~~~~ ^
tests/vector/assign_range.cpp:87:11: note: in instantiation of function template specialization 'ft::vector<char, track_allocator<char> >::assign<std::__1::istreambuf_iterator<char, std::__1::char_traits<char> > >' requested here
        v.assign(it, end);
          ^
5 errors generated.
tests/run_tests.sh: line 37: 30911 Segmentation fault: 11  ./a.out > $LOG_FT
In file included from tests/vector/back.cpp:13:
In file included from tests/vector/vector_prelude.hpp:15:
In file included from ../../vector.hpp:16:
../../iterator.hpp:189:12: error: no matching conversion for functional-style cast from 'ft::iterator<const long *>::iterator_type' (aka 'const long *') to 'ft::iterator<const long *>'
                        return (iterator( ptr - n));        
                                ^~~~~~~~~~~~~~~~~
../../vector.hpp:413:34: note: in instantiation of member function 'ft::iterator<const long *>::operator-' requested here
                return const_reference(*(end() - 1)); // this
                                               ^
tests/vector/back.cpp:42:31: note: in instantiation of member function 'ft::vector<long, track_allocator<long> >::back' requested here
        PRINT_LINE("Back:", v.back());
                              ^
../../iterator.hpp:104:12: note: candidate constructor not viable: 1st argument ('ft::iterator<const long *>::iterator_type' (aka 'const long *')) would lose const qualifier
                explicit iterator(pointer vec)
                         ^
../../iterator.hpp:109:3: note: candidate constructor not viable: no known conversion from 'ft::iterator<const long *>::iterator_type' (aka 'const long *') to 'const ft::iterator<const long *>' for 1st argument
                iterator(const iterator &rhs) // copy
                ^
../../iterator.hpp:99:3: note: candidate constructor not viable: requires 0 arguments, but 1 was provided
                iterator() : ptr()
                ^
1 error generated.
tests/run_tests.sh: line 37: 30943 Abort trap: 6           ./a.out > $LOG_FT
tests/run_tests.sh: line 37: 31081 Segmentation fault: 11  ./a.out > $LOG_FT
tests/run_tests.sh: line 37: 31161 Segmentation fault: 11  ./a.out > $LOG_FT
tests/run_tests.sh: line 37: 31310 Segmentation fault: 11  ./a.out > $LOG_FT
In file included from tests/vector/insert_mixed.cpp:13:
In file included from tests/vector/vector_prelude.hpp:15:
../../vector.hpp:645:46: error: member reference base type 'int *' is not a structure or union
                size_t to_be_inserted = std::distance(first.base(), last.base());
                                                      ~~~~~^~~~~
tests/vector/insert_mixed.cpp:22:11: note: in instantiation of function template specialization 'ft::vector<int, track_allocator<int> >::insert<ft::iterator<int *>, int *>' requested here
        v.insert(v.end(), s_int, s_int + s_size - 10);
          ^
In file included from tests/vector/insert_mixed.cpp:13:
In file included from tests/vector/vector_prelude.hpp:15:
../../vector.hpp:645:46: error: member reference type 'std::__1::basic_string<char> *' is a pointer; did you mean to use '->'?
                size_t to_be_inserted = std::distance(first.base(), last.base());
                                                      ~~~~~^
                                                           ->
tests/vector/insert_mixed.cpp:57:11: note: in instantiation of function template specialization 'ft::vector<std::__1::basic_string<char>, track_allocator<std::__1::basic_string<char> > >::insert<ft::iterator<std::__1::basic_string<char> *>, std::__1::basic_string<char> *>' requested here
        v.insert(v.end(), s_string, s_string + s_size);
          ^
In file included from tests/vector/insert_mixed.cpp:13:
In file included from tests/vector/vector_prelude.hpp:15:
../../vector.hpp:645:47: error: no member named 'base' in 'std::__1::basic_string<char>'
                size_t to_be_inserted = std::distance(first.base(), last.base());
                                                      ~~~~~ ^
3 errors generated.
In file included from tests/vector/insert_range.cpp:13:
In file included from tests/vector/vector_prelude.hpp:15:
../../vector.hpp:645:46: error: member reference type 'std::__1::basic_string<char> *' is a pointer; did you mean to use '->'?
                size_t to_be_inserted = std::distance(first.base(), last.base());
                                                      ~~~~~^
                                                           ->
tests/vector/insert_range.cpp:35:11: note: in instantiation of function template specialization 'ft::vector<std::__1::basic_string<char>, track_allocator<std::__1::basic_string<char> > >::insert<ft::iterator<std::__1::basic_string<char> *>, std::__1::basic_string<char> *>' requested here
        v.insert(v.begin(), s_string, s_string + s_size);
          ^
In file included from tests/vector/insert_range.cpp:13:
In file included from tests/vector/vector_prelude.hpp:15:
../../vector.hpp:645:47: error: no member named 'base' in 'std::__1::basic_string<char>'
                size_t to_be_inserted = std::distance(first.base(), last.base());
                                                      ~~~~~ ^
../../vector.hpp:645:47: error: no member named 'base' in 'std::__1::__list_iterator<int, void *>'
                size_t to_be_inserted = std::distance(first.base(), last.base());
                                                      ~~~~~ ^
tests/vector/insert_range.cpp:57:11: note: in instantiation of function template specialization 'ft::vector<int, track_allocator<int> >::insert<ft::iterator<int *>, std::__1::__list_iterator<int, void *> >' requested here
        v.insert(v.begin() + 3, li.begin(), li.end());
          ^
In file included from tests/vector/insert_range.cpp:13:
In file included from tests/vector/vector_prelude.hpp:15:
../../vector.hpp:645:47: error: no member named 'base' in 'std::__1::istreambuf_iterator<char, std::__1::char_traits<char> >'
                size_t to_be_inserted = std::distance(first.base(), last.base());
                                                      ~~~~~ ^
tests/vector/insert_range.cpp:69:11: note: in instantiation of function template specialization 'ft::vector<char, track_allocator<char> >::insert<ft::iterator<char *>, std::__1::istreambuf_iterator<char, std::__1::char_traits<char> > >' requested here
        v.insert(v.end(), it, end);
          ^
4 errors generated.
tests/vector/iterator.cpp:64:35: error: no viable conversion from 'iterator<std::__1::basic_string<char> *>' to 'iterator<ft::vector<std::__1::basic_string<char>, track_allocator<std::__1::basic_string<char> > >::const_pointer>'
        strvector::const_iterator cit = v.begin() + 34;
                                  ^     ~~~~~~~~~~~~~~
../../iterator.hpp:109:3: note: candidate constructor not viable: no known conversion from 'ft::iterator<std::__1::basic_string<char> *>' to 'const ft::iterator<const std::__1::basic_string<char> *> &' for 1st argument
                iterator(const iterator &rhs) // copy
                ^
tests/vector/iterator.cpp:109:32: error: invalid operands to binary expression ('int' and 'strvector::iterator' (aka 'iterator<std::__1::basic_string<char> *>'))
        PRINT_LINE("It:", *(42 + it));
                            ~~ ^ ~~
./prelude.hpp:31:37: note: expanded from macro 'PRINT_LINE'
        std::cout << msg << " " << (value);                                                        \
                                    ^~~~~
/Applications/Xcode.app/Contents/Developer/Toolchains/XcodeDefault.xctoolchain/usr/bin/../include/c++/v1/iterator:779:1: note: candidate template ignored: could not match 'reverse_iterator' against 'iterator'
operator+(typename reverse_iterator<_Iter>::difference_type __n, const reverse_iterator<_Iter>& __x)
^
/Applications/Xcode.app/Contents/Developer/Toolchains/XcodeDefault.xctoolchain/usr/bin/../include/c++/v1/iterator:1220:1: note: candidate template ignored: could not match 'move_iterator' against 'iterator'
operator+(typename move_iterator<_Iter>::difference_type __n, const move_iterator<_Iter>& __x)
^
/Applications/Xcode.app/Contents/Developer/Toolchains/XcodeDefault.xctoolchain/usr/bin/../include/c++/v1/iterator:1636:1: note: candidate template ignored: could not match '__wrap_iter' against 'iterator'
operator+(typename __wrap_iter<_Iter>::difference_type __n,
^
/Applications/Xcode.app/Contents/Developer/Toolchains/XcodeDefault.xctoolchain/usr/bin/../include/c++/v1/string:4036:1: note: candidate template ignored: could not match 'basic_string<type-parameter-0-0, type-parameter-0-1, type-parameter-0-2>' against 'int'
operator+(const basic_string<_CharT, _Traits, _Allocator>& __lhs,
^
/Applications/Xcode.app/Contents/Developer/Toolchains/XcodeDefault.xctoolchain/usr/bin/../include/c++/v1/string:4049:1: note: candidate template ignored: could not match 'const _CharT *' against 'int'
operator+(const _CharT* __lhs , const basic_string<_CharT,_Traits,_Allocator>& __rhs)
^
/Applications/Xcode.app/Contents/Developer/Toolchains/XcodeDefault.xctoolchain/usr/bin/../include/c++/v1/string:4061:1: note: candidate template ignored: could not match 'basic_string' against 'iterator'
operator+(_CharT __lhs, const basic_string<_CharT,_Traits,_Allocator>& __rhs)
^
/Applications/Xcode.app/Contents/Developer/Toolchains/XcodeDefault.xctoolchain/usr/bin/../include/c++/v1/string:4073:1: note: candidate template ignored: could not match 'basic_string<type-parameter-0-0, type-parameter-0-1, type-parameter-0-2>' against 'int'
operator+(const basic_string<_CharT, _Traits, _Allocator>& __lhs, const _CharT* __rhs)
^
/Applications/Xcode.app/Contents/Developer/Toolchains/XcodeDefault.xctoolchain/usr/bin/../include/c++/v1/string:4085:1: note: candidate template ignored: could not match 'basic_string<type-parameter-0-0, type-parameter-0-1, type-parameter-0-2>' against 'int'
operator+(const basic_string<_CharT, _Traits, _Allocator>& __lhs, _CharT __rhs)
^
tests/vector/iterator.cpp:110:32: error: invalid operands to binary expression ('int' and 'strvector::iterator' (aka 'iterator<std::__1::basic_string<char> *>'))
        PRINT_LINE("It:", *(42 + it - 3));
                            ~~ ^ ~~
./prelude.hpp:31:37: note: expanded from macro 'PRINT_LINE'
        std::cout << msg << " " << (value);                                                        \
                                    ^~~~~
/Applications/Xcode.app/Contents/Developer/Toolchains/XcodeDefault.xctoolchain/usr/bin/../include/c++/v1/iterator:779:1: note: candidate template ignored: could not match 'reverse_iterator' against 'iterator'
operator+(typename reverse_iterator<_Iter>::difference_type __n, const reverse_iterator<_Iter>& __x)
^
/Applications/Xcode.app/Contents/Developer/Toolchains/XcodeDefault.xctoolchain/usr/bin/../include/c++/v1/iterator:1220:1: note: candidate template ignored: could not match 'move_iterator' against 'iterator'
operator+(typename move_iterator<_Iter>::difference_type __n, const move_iterator<_Iter>& __x)
^
/Applications/Xcode.app/Contents/Developer/Toolchains/XcodeDefault.xctoolchain/usr/bin/../include/c++/v1/iterator:1636:1: note: candidate template ignored: could not match '__wrap_iter' against 'iterator'
operator+(typename __wrap_iter<_Iter>::difference_type __n,
^
/Applications/Xcode.app/Contents/Developer/Toolchains/XcodeDefault.xctoolchain/usr/bin/../include/c++/v1/string:4036:1: note: candidate template ignored: could not match 'basic_string<type-parameter-0-0, type-parameter-0-1, type-parameter-0-2>' against 'int'
operator+(const basic_string<_CharT, _Traits, _Allocator>& __lhs,
^
/Applications/Xcode.app/Contents/Developer/Toolchains/XcodeDefault.xctoolchain/usr/bin/../include/c++/v1/string:4049:1: note: candidate template ignored: could not match 'const _CharT *' against 'int'
operator+(const _CharT* __lhs , const basic_string<_CharT,_Traits,_Allocator>& __rhs)
^
/Applications/Xcode.app/Contents/Developer/Toolchains/XcodeDefault.xctoolchain/usr/bin/../include/c++/v1/string:4061:1: note: candidate template ignored: could not match 'basic_string' against 'iterator'
operator+(_CharT __lhs, const basic_string<_CharT,_Traits,_Allocator>& __rhs)
^
/Applications/Xcode.app/Contents/Developer/Toolchains/XcodeDefault.xctoolchain/usr/bin/../include/c++/v1/string:4073:1: note: candidate template ignored: could not match 'basic_string<type-parameter-0-0, type-parameter-0-1, type-parameter-0-2>' against 'int'
operator+(const basic_string<_CharT, _Traits, _Allocator>& __lhs, const _CharT* __rhs)
^
/Applications/Xcode.app/Contents/Developer/Toolchains/XcodeDefault.xctoolchain/usr/bin/../include/c++/v1/string:4085:1: note: candidate template ignored: could not match 'basic_string<type-parameter-0-0, type-parameter-0-1, type-parameter-0-2>' against 'int'
operator+(const basic_string<_CharT, _Traits, _Allocator>& __lhs, _CharT __rhs)
^
tests/vector/iterator.cpp:114:37: error: invalid operands to binary expression ('ft::vector<std::__1::basic_string<char>, track_allocator<std::__1::basic_string<char> > >::iterator' (aka 'iterator<std::__1::basic_string<char> *>') and 'ft::vector<std::__1::basic_string<char>, track_allocator<std::__1::basic_string<char> > >::iterator')
        PRINT_LINE("Size:", v.end() - v.begin());
                            ~~~~~~~ ^ ~~~~~~~~~
./prelude.hpp:31:37: note: expanded from macro 'PRINT_LINE'
        std::cout << msg << " " << (value);                                                        \
                                    ^~~~~
../../iterator.hpp:186:12: note: candidate function not viable: no known conversion from 'ft::vector<std::__1::basic_string<char>, track_allocator<std::__1::basic_string<char> > >::iterator' (aka 'iterator<std::__1::basic_string<char> *>') to 'ft::iterator::difference_type' (aka 'long') for 1st argument
                iterator operator-(difference_type n) const // not working
                         ^
/Applications/Xcode.app/Contents/Developer/Toolchains/XcodeDefault.xctoolchain/usr/bin/../include/c++/v1/iterator:770:1: note: candidate template ignored: could not match 'reverse_iterator' against 'iterator'
operator-(const reverse_iterator<_Iter1>& __x, const reverse_iterator<_Iter2>& __y)
^
/Applications/Xcode.app/Contents/Developer/Toolchains/XcodeDefault.xctoolchain/usr/bin/../include/c++/v1/iterator:1211:1: note: candidate template ignored: could not match 'move_iterator' against 'iterator'
operator-(const move_iterator<_Iter1>& __x, const move_iterator<_Iter2>& __y)
^
/Applications/Xcode.app/Contents/Developer/Toolchains/XcodeDefault.xctoolchain/usr/bin/../include/c++/v1/iterator:1623:1: note: candidate template ignored: could not match '__wrap_iter' against 'iterator'
operator-(const __wrap_iter<_Iter1>& __x, const __wrap_iter<_Iter2>& __y) _NOEXCEPT_DEBUG
^
/Applications/Xcode.app/Contents/Developer/Toolchains/XcodeDefault.xctoolchain/usr/bin/../include/c++/v1/string:559:11: note: candidate template ignored: could not match 'fpos' against 'iterator'
streamoff operator-(const fpos<_StateT>& __x, const fpos<_StateT>& __y)
          ^
tests/vector/iterator.cpp:180:35: error: no matching constructor for initialization of 'intvector::const_iterator' (aka 'iterator<const int *>')
        intvector::const_iterator cit(it);
                                  ^   ~~
../../iterator.hpp:104:12: note: candidate constructor not viable: no known conversion from 'intvector::iterator' (aka 'iterator<int *>') to 'ft::iterator<const int *>::pointer' (aka 'int *') for 1st argument
                explicit iterator(pointer vec)
                         ^
../../iterator.hpp:109:3: note: candidate constructor not viable: no known conversion from 'iterator<ft::vector<int, track_allocator<int> >::pointer>' to 'const iterator<const int *>' for 1st argument
                iterator(const iterator &rhs) // copy
                ^
../../iterator.hpp:99:3: note: candidate constructor not viable: requires 0 arguments, but 1 was provided
                iterator() : ptr()
                ^
5 errors generated.
tests/vector/iterator_comparisons.cpp:24:35: error: no viable conversion from 'iterator<ft::vector<int, track_allocator<int> >::pointer>' to 'iterator<ft::vector<int, track_allocator<int> >::const_pointer>'
        intvector::const_iterator cit = v.begin();
                                  ^     ~~~~~~~~~
../../iterator.hpp:109:3: note: candidate constructor not viable: no known conversion from 'ft::vector<int, track_allocator<int> >::iterator' (aka 'iterator<int *>') to 'const ft::iterator<const int *> &' for 1st argument
                iterator(const iterator &rhs) // copy
                ^
tests/vector/iterator_comparisons.cpp:25:35: error: no viable conversion from 'iterator<ft::vector<int, track_allocator<int> >::pointer>' to 'iterator<ft::vector<int, track_allocator<int> >::const_pointer>'
        intvector::const_iterator cit2 = v.begin();
                                  ^      ~~~~~~~~~
../../iterator.hpp:109:3: note: candidate constructor not viable: no known conversion from 'ft::vector<int, track_allocator<int> >::iterator' (aka 'iterator<int *>') to 'const ft::iterator<const int *> &' for 1st argument
                iterator(const iterator &rhs) // copy
                ^
2 errors generated.
tests/vector/random.cpp:56:48: error: no viable conversion from 'reverse_iterator<iterator<ft::vector<std::__1::basic_string<char>, track_allocator<std::__1::basic_string<char> > >::pointer>>' to 'reverse_iterator<iterator<ft::vector<std::__1::basic_string<char>, track_allocator<std::__1::basic_string<char> > >::const_pointer>>'
        for (strvector::const_reverse_iterator crit = v.rbegin(); crit != v.rend(); ++crit) {
                                               ^      ~~~~~~~~~~
../../iterator.hpp:236:8: note: candidate constructor (the implicit copy constructor) not viable: no known conversion from 'ft::vector<std::__1::basic_string<char>, track_allocator<std::__1::basic_string<char> > >::reverse_iterator' (aka 'reverse_iterator<iterator<std::__1::basic_string<char> *> >') to 'const ft::reverse_iterator<ft::iterator<const std::__1::basic_string<char> *> > &' for 1st argument
        class reverse_iterator : public iterator<Iterator>
              ^
In file included from tests/vector/random.cpp:13:
In file included from tests/vector/vector_prelude.hpp:15:
../../vector.hpp:645:46: error: member reference type 'std::__1::basic_string<char> *' is a pointer; did you mean to use '->'?
                size_t to_be_inserted = std::distance(first.base(), last.base());
                                                      ~~~~~^
                                                           ->
tests/vector/random.cpp:23:11: note: in instantiation of function template specialization 'ft::vector<std::__1::basic_string<char>, track_allocator<std::__1::basic_string<char> > >::insert<ft::iterator<std::__1::basic_string<char> *>, std::__1::basic_string<char> *>' requested here
        v.insert(v.end(), s_string, s_string + s_size);
          ^
In file included from tests/vector/random.cpp:13:
In file included from tests/vector/vector_prelude.hpp:15:
../../vector.hpp:645:47: error: no member named 'base' in 'std::__1::basic_string<char>'
                size_t to_be_inserted = std::distance(first.base(), last.base());
                                                      ~~~~~ ^
../../vector.hpp:198:37: error: member reference type 'std::__1::basic_string<char> *' is a pointer; did you mean to use '->'?
                size_t dist =  std::distance(first.base(), last.base());
                                             ~~~~~^
                                                  ->
tests/vector/random.cpp:83:11: note: in instantiation of function template specialization 'ft::vector<std::__1::basic_string<char>, track_allocator<std::__1::basic_string<char> > >::assign<std::__1::basic_string<char> *>' requested here
        v.assign(b_string, b_string + 8);
          ^
In file included from tests/vector/random.cpp:13:
In file included from tests/vector/vector_prelude.hpp:15:
../../vector.hpp:198:38: error: no member named 'base' in 'std::__1::basic_string<char>'
                size_t dist =  std::distance(first.base(), last.base());
                                             ~~~~~ ^
5 errors generated.
tests/run_tests.sh: line 37: 31447 Segmentation fault: 11  ./a.out > $LOG_FT
tests/vector/riterator.cpp:64:43: error: no viable conversion from 'reverse_iterator<iterator<std::__1::basic_string<char> *>>' to 'reverse_iterator<iterator<ft::vector<std::__1::basic_string<char>, track_allocator<std::__1::basic_string<char> > >::const_pointer>>'
        strvector::const_reverse_iterator cit = v.rbegin() + 34;
                                          ^     ~~~~~~~~~~~~~~~
../../iterator.hpp:236:8: note: candidate constructor (the implicit copy constructor) not viable: no known conversion from 'ft::reverse_iterator<ft::iterator<std::__1::basic_string<char> *> >' to 'const ft::reverse_iterator<ft::iterator<const std::__1::basic_string<char> *> > &' for 1st argument
        class reverse_iterator : public iterator<Iterator>
              ^
tests/vector/riterator.cpp:113:32: error: invalid operands to binary expression ('int' and 'strvector::reverse_iterator' (aka 'reverse_iterator<iterator<std::__1::basic_string<char> *> >'))
        PRINT_LINE("It:", *(42 + it));
                            ~~ ^ ~~
./prelude.hpp:31:37: note: expanded from macro 'PRINT_LINE'
        std::cout << msg << " " << (value);                                                        \
                                    ^~~~~
/Applications/Xcode.app/Contents/Developer/Toolchains/XcodeDefault.xctoolchain/usr/bin/../include/c++/v1/iterator:779:1: note: candidate template ignored: could not match 'std::__1::reverse_iterator' against 'ft::reverse_iterator'
operator+(typename reverse_iterator<_Iter>::difference_type __n, const reverse_iterator<_Iter>& __x)
^
/Applications/Xcode.app/Contents/Developer/Toolchains/XcodeDefault.xctoolchain/usr/bin/../include/c++/v1/iterator:1220:1: note: candidate template ignored: could not match 'move_iterator' against 'reverse_iterator'
operator+(typename move_iterator<_Iter>::difference_type __n, const move_iterator<_Iter>& __x)
^
/Applications/Xcode.app/Contents/Developer/Toolchains/XcodeDefault.xctoolchain/usr/bin/../include/c++/v1/iterator:1636:1: note: candidate template ignored: could not match '__wrap_iter' against 'reverse_iterator'
operator+(typename __wrap_iter<_Iter>::difference_type __n,
^
/Applications/Xcode.app/Contents/Developer/Toolchains/XcodeDefault.xctoolchain/usr/bin/../include/c++/v1/string:4036:1: note: candidate template ignored: could not match 'basic_string<type-parameter-0-0, type-parameter-0-1, type-parameter-0-2>' against 'int'
operator+(const basic_string<_CharT, _Traits, _Allocator>& __lhs,
^
/Applications/Xcode.app/Contents/Developer/Toolchains/XcodeDefault.xctoolchain/usr/bin/../include/c++/v1/string:4049:1: note: candidate template ignored: could not match 'const _CharT *' against 'int'
operator+(const _CharT* __lhs , const basic_string<_CharT,_Traits,_Allocator>& __rhs)
^
/Applications/Xcode.app/Contents/Developer/Toolchains/XcodeDefault.xctoolchain/usr/bin/../include/c++/v1/string:4061:1: note: candidate template ignored: could not match 'basic_string' against 'reverse_iterator'
operator+(_CharT __lhs, const basic_string<_CharT,_Traits,_Allocator>& __rhs)
^
/Applications/Xcode.app/Contents/Developer/Toolchains/XcodeDefault.xctoolchain/usr/bin/../include/c++/v1/string:4073:1: note: candidate template ignored: could not match 'basic_string<type-parameter-0-0, type-parameter-0-1, type-parameter-0-2>' against 'int'
operator+(const basic_string<_CharT, _Traits, _Allocator>& __lhs, const _CharT* __rhs)
^
/Applications/Xcode.app/Contents/Developer/Toolchains/XcodeDefault.xctoolchain/usr/bin/../include/c++/v1/string:4085:1: note: candidate template ignored: could not match 'basic_string<type-parameter-0-0, type-parameter-0-1, type-parameter-0-2>' against 'int'
operator+(const basic_string<_CharT, _Traits, _Allocator>& __lhs, _CharT __rhs)
^
tests/vector/riterator.cpp:114:32: error: invalid operands to binary expression ('int' and 'strvector::reverse_iterator' (aka 'reverse_iterator<iterator<std::__1::basic_string<char> *> >'))
        PRINT_LINE("It:", *(42 + it - 3));
                            ~~ ^ ~~
./prelude.hpp:31:37: note: expanded from macro 'PRINT_LINE'
        std::cout << msg << " " << (value);                                                        \
                                    ^~~~~
/Applications/Xcode.app/Contents/Developer/Toolchains/XcodeDefault.xctoolchain/usr/bin/../include/c++/v1/iterator:779:1: note: candidate template ignored: could not match 'std::__1::reverse_iterator' against 'ft::reverse_iterator'
operator+(typename reverse_iterator<_Iter>::difference_type __n, const reverse_iterator<_Iter>& __x)
^
/Applications/Xcode.app/Contents/Developer/Toolchains/XcodeDefault.xctoolchain/usr/bin/../include/c++/v1/iterator:1220:1: note: candidate template ignored: could not match 'move_iterator' against 'reverse_iterator'
operator+(typename move_iterator<_Iter>::difference_type __n, const move_iterator<_Iter>& __x)
^
/Applications/Xcode.app/Contents/Developer/Toolchains/XcodeDefault.xctoolchain/usr/bin/../include/c++/v1/iterator:1636:1: note: candidate template ignored: could not match '__wrap_iter' against 'reverse_iterator'
operator+(typename __wrap_iter<_Iter>::difference_type __n,
^
/Applications/Xcode.app/Contents/Developer/Toolchains/XcodeDefault.xctoolchain/usr/bin/../include/c++/v1/string:4036:1: note: candidate template ignored: could not match 'basic_string<type-parameter-0-0, type-parameter-0-1, type-parameter-0-2>' against 'int'
operator+(const basic_string<_CharT, _Traits, _Allocator>& __lhs,
^
/Applications/Xcode.app/Contents/Developer/Toolchains/XcodeDefault.xctoolchain/usr/bin/../include/c++/v1/string:4049:1: note: candidate template ignored: could not match 'const _CharT *' against 'int'
operator+(const _CharT* __lhs , const basic_string<_CharT,_Traits,_Allocator>& __rhs)
^
/Applications/Xcode.app/Contents/Developer/Toolchains/XcodeDefault.xctoolchain/usr/bin/../include/c++/v1/string:4061:1: note: candidate template ignored: could not match 'basic_string' against 'reverse_iterator'
operator+(_CharT __lhs, const basic_string<_CharT,_Traits,_Allocator>& __rhs)
^
/Applications/Xcode.app/Contents/Developer/Toolchains/XcodeDefault.xctoolchain/usr/bin/../include/c++/v1/string:4073:1: note: candidate template ignored: could not match 'basic_string<type-parameter-0-0, type-parameter-0-1, type-parameter-0-2>' against 'int'
operator+(const basic_string<_CharT, _Traits, _Allocator>& __lhs, const _CharT* __rhs)
^
/Applications/Xcode.app/Contents/Developer/Toolchains/XcodeDefault.xctoolchain/usr/bin/../include/c++/v1/string:4085:1: note: candidate template ignored: could not match 'basic_string<type-parameter-0-0, type-parameter-0-1, type-parameter-0-2>' against 'int'
operator+(const basic_string<_CharT, _Traits, _Allocator>& __lhs, _CharT __rhs)
^
tests/vector/riterator.cpp:118:38: error: invalid operands to binary expression ('ft::vector<std::__1::basic_string<char>, track_allocator<std::__1::basic_string<char> > >::reverse_iterator' (aka 'reverse_iterator<iterator<std::__1::basic_string<char> *> >') and 'ft::vector<std::__1::basic_string<char>, track_allocator<std::__1::basic_string<char> > >::reverse_iterator')
        PRINT_LINE("Size:", v.rend() - v.rbegin());
                            ~~~~~~~~ ^ ~~~~~~~~~~
./prelude.hpp:31:37: note: expanded from macro 'PRINT_LINE'
        std::cout << msg << " " << (value);                                                        \
                                    ^~~~~
../../iterator.hpp:319:20: note: candidate function not viable: no known conversion from 'ft::vector<std::__1::basic_string<char>, track_allocator<std::__1::basic_string<char> > >::reverse_iterator' (aka 'reverse_iterator<iterator<std::__1::basic_string<char> *> >') to 'ft::reverse_iterator<ft::iterator<std::__1::basic_string<char> *> >::difference_type' (aka 'long') for 1st argument
                reverse_iterator operator-(difference_type n) const
                                 ^
/Applications/Xcode.app/Contents/Developer/Toolchains/XcodeDefault.xctoolchain/usr/bin/../include/c++/v1/iterator:770:1: note: candidate template ignored: could not match 'std::__1::reverse_iterator' against 'ft::reverse_iterator'
operator-(const reverse_iterator<_Iter1>& __x, const reverse_iterator<_Iter2>& __y)
^
/Applications/Xcode.app/Contents/Developer/Toolchains/XcodeDefault.xctoolchain/usr/bin/../include/c++/v1/iterator:1211:1: note: candidate template ignored: could not match 'move_iterator' against 'reverse_iterator'
operator-(const move_iterator<_Iter1>& __x, const move_iterator<_Iter2>& __y)
^
/Applications/Xcode.app/Contents/Developer/Toolchains/XcodeDefault.xctoolchain/usr/bin/../include/c++/v1/iterator:1623:1: note: candidate template ignored: could not match '__wrap_iter' against 'reverse_iterator'
operator-(const __wrap_iter<_Iter1>& __x, const __wrap_iter<_Iter2>& __y) _NOEXCEPT_DEBUG
^
/Applications/Xcode.app/Contents/Developer/Toolchains/XcodeDefault.xctoolchain/usr/bin/../include/c++/v1/string:559:11: note: candidate template ignored: could not match 'fpos' against 'reverse_iterator'
streamoff operator-(const fpos<_StateT>& __x, const fpos<_StateT>& __y)
          ^
tests/vector/riterator.cpp:184:43: error: no matching constructor for initialization of 'intvector::const_reverse_iterator' (aka 'reverse_iterator<iterator<const int *> >')
        intvector::const_reverse_iterator cit(it);
                                          ^   ~~
../../iterator.hpp:236:8: note: candidate constructor (the implicit copy constructor) not viable: no known conversion from 'reverse_iterator<iterator<ft::vector<int, track_allocator<int> >::pointer>>' to 'const reverse_iterator<iterator<const int *>>' for 1st argument
        class reverse_iterator : public iterator<Iterator>
              ^
../../iterator.hpp:250:12: note: candidate constructor not viable: no known conversion from 'intvector::reverse_iterator' (aka 'reverse_iterator<iterator<int *> >') to 'ft::iterator<const int *>' for 1st argument
                explicit reverse_iterator(Iterator x)
                         ^
../../iterator.hpp:246:3: note: candidate constructor not viable: requires 0 arguments, but 1 was provided
                reverse_iterator()
                ^
5 errors generated.
tests/vector/riterator_comparisons.cpp:24:43: error: no viable conversion from 'reverse_iterator<iterator<ft::vector<int, track_allocator<int> >::pointer>>' to 'reverse_iterator<iterator<ft::vector<int, track_allocator<int> >::const_pointer>>'
        intvector::const_reverse_iterator cit = v.rbegin();
                                          ^     ~~~~~~~~~~
../../iterator.hpp:236:8: note: candidate constructor (the implicit copy constructor) not viable: no known conversion from 'ft::vector<int, track_allocator<int> >::reverse_iterator' (aka 'reverse_iterator<iterator<int *> >') to 'const ft::reverse_iterator<ft::iterator<const int *> > &' for 1st argument
        class reverse_iterator : public iterator<Iterator>
              ^
tests/vector/riterator_comparisons.cpp:25:43: error: no viable conversion from 'reverse_iterator<iterator<ft::vector<int, track_allocator<int> >::pointer>>' to 'reverse_iterator<iterator<ft::vector<int, track_allocator<int> >::const_pointer>>'
        intvector::const_reverse_iterator cit2 = v.rbegin();
                                          ^      ~~~~~~~~~~
../../iterator.hpp:236:8: note: candidate constructor (the implicit copy constructor) not viable: no known conversion from 'ft::vector<int, track_allocator<int> >::reverse_iterator' (aka 'reverse_iterator<iterator<int *> >') to 'const ft::reverse_iterator<ft::iterator<const int *> > &' for 1st argument
        class reverse_iterator : public iterator<Iterator>
              ^
2 errors generated.
tests/run_tests.sh: line 37: 31470 Segmentation fault: 11  ./a.out > $LOG_FT
